Arguments: 
  /usr/bin/node /usr/share/yarn/bin/yarn.js add express

PATH: 
  /home/cristian/bin:/home/cristian/.local/bin:/usr/local/sbin:/usr/local/bin:/usr/sbin:/usr/bin:/sbin:/bin:/usr/games:/usr/local/games:/snap/bin:/usr/lib/jvm/java-9-oracle/bin:/usr/lib/jvm/java-9-oracle/db/bin

Yarn version: 
  1.3.2

Node version: 
  6.11.5

Platform: 
  linux x64

npm manifest: 
  {
    "name": "usuarios",
    "version": "1.0.0",
    "description": "Terminal de Usuarios",
    "main": "index.js",
    "author": "DGIPJN",
    "license": "MIT",
    "dependencies": {
      "request-promise": "^4.2.2"
    },
    "scripts": {
      "dev": "yarn build && node ./dist/inde.js",
      "clean": "rm -rf dist && mkdir dist",
      "build-server": "babel -d ./dist ./src -s",
      "build": "yarn clean && yarn build-server"
    },
    "devDependencies": {
      "babel-cli": "^6.26.0",
      "babel-core": "^6.26.0",
      "babel-preset-latest": "^6.24.1",
      "babel-preset-stage-2": "^6.24.1",
    }
  }

yarn manifest: 
  No manifest

Lockfile: 
  No lockfile

Trace: 
  SyntaxError: /home/cristian/Proyectos/oauth/usuarios/package.json: Unexpected token } in JSON at position 572
      at Object.parse (native)
      at /usr/share/yarn/lib/cli.js:770:59
      at next (native)
      at step (/usr/share/yarn/lib/cli.js:92:30)
      at /usr/share/yarn/lib/cli.js:103:13
